<?xml version="1.0" encoding="UTF-8" ?>
<testsuite failures="0" time="0.854" errors="0" skipped="0" tests="5" name="com.bbq.db.project.dao.test.UserDaoTest">
  <properties>
[...]
</properties>
  <testcase time="0.17" classname="com.bbq.db.project.dao.test.UserDaoTest" name="getUserById"/>
  <testcase time="0.166" classname="com.bbq.db.project.dao.test.UserDaoTest" name="getUserByUserNameAndPassword"/>
  <testcase time="0.168" classname="com.bbq.db.project.dao.test.UserDaoTest" name="insertUser"/>
  <testcase time="0.173" classname="com.bbq.db.project.dao.test.UserDaoTest" name="selectAllUser"/>
  <testcase time="0.175" classname="com.bbq.db.project.dao.test.UserDaoTest" name="updateUser"/>
</testsuite>