<?xml version="1.0" encoding="UTF-8" ?>
<testsuite tests="5" failures="0" name="com.bbq.db.project.dao.test.AdminInfoDaoTest" time="0.547" errors="0" skipped="0">
  <properties>
[...]
</properties>
  <testcase classname="com.bbq.db.project.dao.test.AdminInfoDaoTest" name="selectAllAdmin" time="0.196"/>
  <testcase classname="com.bbq.db.project.dao.test.AdminInfoDaoTest" name="insertAdmin" time="0.001"/>
  <testcase classname="com.bbq.db.project.dao.test.AdminInfoDaoTest" name="getByAdminName" time="0.16"/>
  <testcase classname="com.bbq.db.project.dao.test.AdminInfoDaoTest" name="updateByAdminName" time="0.19"/>
  <testcase classname="com.bbq.db.project.dao.test.AdminInfoDaoTest" name="deleteByAdminName" time="0"/>
</testsuite>